Command line invocation:
    /Applications/Xcode_16.4.app/Contents/Developer/usr/bin/xcodebuild archive -workspace ./FlashcardsForWords.xcworkspace -scheme FlashcardsForWords -configuration Release -destination generic/platform=iOS -archivePath /Users/runner/work/Flashcards_for_Words/Flashcards_for_Words/build.xcarchive

ComputePackagePrebuildTargetDependencyGraph

Prepare packages

CreateBuildRequest

SendProjectDescription

CreateBuildOperation

ComputeTargetDependencyGraph
note: Building targets in dependency order
note: Target dependency graph (7 targets)
    Target 'FlashcardsForWords' in project 'FlashcardsForWords'
        ➜ Implicit dependency on target 'Pods-FlashcardsForWords' in project 'Pods' via file 'Pods_FlashcardsForWords.framework' in build phase 'Link Binary'
        ➜ Implicit dependency on target 'ApplePurchaseKit' in project 'Pods' via options '-framework ApplePurchaseKit' in build setting 'OTHER_LDFLAGS'
        ➜ Implicit dependency on target 'KeychainAccess' in project 'Pods' via options '-framework KeychainAccess' in build setting 'OTHER_LDFLAGS'
        ➜ Implicit dependency on target 'SVProgressHUD' in project 'Pods' via options '-framework SVProgressHUD' in build setting 'OTHER_LDFLAGS'
    Target 'Pods-FlashcardsForWords' in project 'Pods'
        ➜ Explicit dependency on target 'ApplePurchaseKit' in project 'Pods'
        ➜ Explicit dependency on target 'KeychainAccess' in project 'Pods'
        ➜ Explicit dependency on target 'SVProgressHUD' in project 'Pods'
        ➜ Explicit dependency on target 'UMCommon' in project 'Pods'
        ➜ Explicit dependency on target 'UMDevice' in project 'Pods'
    Target 'SVProgressHUD' in project 'Pods' (no dependencies)
    Target 'ApplePurchaseKit' in project 'Pods'
        ➜ Explicit dependency on target 'KeychainAccess' in project 'Pods'
        ➜ Explicit dependency on target 'UMCommon' in project 'Pods'
        ➜ Explicit dependency on target 'UMDevice' in project 'Pods'
    Target 'UMCommon' in project 'Pods'
        ➜ Explicit dependency on target 'UMDevice' in project 'Pods'
    Target 'UMDevice' in project 'Pods' (no dependencies)
    Target 'KeychainAccess' in project 'Pods' (no dependencies)

GatherProvisioningInputs

CreateBuildDescription

ExecuteExternalTool /Applications/Xcode_16.4.app/Contents/Developer/Toolchains/XcodeDefault.xctoolchain/usr/bin/clang -v -E -dM -arch arm64 -isysroot /Applications/Xcode_16.4.app/Contents/Developer/Platforms/iPhoneOS.platform/Developer/SDKs/iPhoneOS18.5.sdk -x c -c /dev/null

ExecuteExternalTool /Applications/Xcode_16.4.app/Contents/Developer/Toolchains/XcodeDefault.xctoolchain/usr/bin/clang -v -E -dM -isysroot /Applications/Xcode_16.4.app/Contents/Developer/Platforms/iPhoneOS.platform/Developer/SDKs/iPhoneOS18.5.sdk -x c -c /dev/null

ExecuteExternalTool /Applications/Xcode_16.4.app/Contents/Developer/Toolchains/XcodeDefault.xctoolchain/usr/bin/clang -v -E -dM -arch arm64 -isysroot /Applications/Xcode_16.4.app/Contents/Developer/Platforms/iPhoneOS.platform/Developer/SDKs/iPhoneOS18.5.sdk -x objective-c -c /dev/null

ExecuteExternalTool /Applications/Xcode_16.4.app/Contents/Developer/usr/bin/actool --print-asset-tag-combinations --output-format xml1 /Users/runner/work/Flashcards_for_Words/Flashcards_for_Words/FlashcardsForWords/Resources/Assets.xcassets

ExecuteExternalTool /Applications/Xcode_16.4.app/Contents/Developer/Toolchains/XcodeDefault.xctoolchain/usr/bin/swiftc --version

ExecuteExternalTool /Applications/Xcode_16.4.app/Contents/Developer/Toolchains/XcodeDefault.xctoolchain/usr/bin/libtool -V

ExecuteExternalTool /Applications/Xcode_16.4.app/Contents/Developer/Toolchains/XcodeDefault.xctoolchain/usr/bin/ld -version_details

ExecuteExternalTool /Applications/Xcode_16.4.app/Contents/Developer/usr/bin/actool --version --output-format xml1

Build description signature: 9c063ea1e2f4c43b6cd34a17c025ff45
Build description path: /Users/runner/Library/Developer/Xcode/DerivedData/FlashcardsForWords-cwtcfzkaaqgxwzdycxcvhpkxvtyj/Build/Intermediates.noindex/ArchiveIntermediates/FlashcardsForWords/IntermediateBuildFilesPath/XCBuildData/9c063ea1e2f4c43b6cd34a17c025ff45.xcbuilddata
note: Disabling previews because SWIFT_VERSION is set and SWIFT_OPTIMIZATION_LEVEL=-O, expected -Onone (in target 'KeychainAccess' from project 'Pods')
note: Disabling previews because SWIFT_VERSION is set and SWIFT_OPTIMIZATION_LEVEL=-O, expected -Onone (in target 'ApplePurchaseKit' from project 'Pods')
note: Disabling previews because SWIFT_VERSION is set and SWIFT_OPTIMIZATION_LEVEL=-O, expected -Onone (in target 'UMDevice' from project 'Pods')
note: Disabling previews because SWIFT_VERSION is set and SWIFT_OPTIMIZATION_LEVEL=-O, expected -Onone (in target 'SVProgressHUD' from project 'Pods')
note: Disabling previews because SWIFT_VERSION is set and SWIFT_OPTIMIZATION_LEVEL=-O, expected -Onone (in target 'Pods-FlashcardsForWords' from project 'Pods')
/Users/runner/work/Flashcards_for_Words/Flashcards_for_Words/FlashcardsForWords.xcodeproj: error: Provisioning profile "appstore-6758490300-20260212215914680" doesn't support the Apple Pay capability.  (in target 'FlashcardsForWords' from project 'FlashcardsForWords')
/Users/runner/work/Flashcards_for_Words/Flashcards_for_Words/FlashcardsForWords.xcodeproj: error: Provisioning profile "appstore-6758490300-20260212215914680" doesn't include the com.apple.developer.in-app-payments entitlement. Profile qualification is using entitlement definitions that may be out of date. Connect to network to update. (in target 'FlashcardsForWords' from project 'FlashcardsForWords')
note: Disabling previews because SWIFT_VERSION is set and SWIFT_OPTIMIZATION_LEVEL=-O, expected -Onone (in target 'FlashcardsForWords' from project 'FlashcardsForWords')
note: Disabling previews because SWIFT_VERSION is set and SWIFT_OPTIMIZATION_LEVEL=-O, expected -Onone (in target 'UMCommon' from project 'Pods')
** ARCHIVE FAILED **


The following build commands failed:
	Archiving workspace FlashcardsForWords with scheme FlashcardsForWords
(1 failure)
